Flow report for 241Project2
Fri Nov 22 16:18:59 2013
Quartus II 64-Bit Version 11.1 Build 259 01/25/2012 Service Pack 2 SJ Full Version


---------------------
; Table of Contents ;
---------------------
  1. Legal Notice
  2. Flow Summary
  3. Flow Settings
  4. Flow Non-Default Global Settings
  5. Flow Elapsed Time
  6. Flow OS Summary
  7. Flow Log



----------------
; Legal Notice ;
----------------
Copyright (C) 1991-2011 Altera Corporation
Your use of Altera Corporation's design tools, logic functions 
and other software and tools, and its AMPP partner logic 
functions, and any output files from any of the foregoing 
(including device programming or simulation files), and any 
associated documentation or information are expressly subject 
to the terms and conditions of the Altera Program License 
Subscription Agreement, Altera MegaCore Function License 
Agreement, or other applicable license agreement, including, 
without limitation, that your use is for the sole purpose of 
programming logic devices manufactured by Altera and sold by 
Altera or its authorized distributors.  Please refer to the 
applicable agreement for further details.



+-------------------------------------------------------------------------------------+
; Flow Summary                                                                        ;
+------------------------------------+------------------------------------------------+
; Flow Status                        ; Successful - Fri Nov 22 16:18:40 2013          ;
; Quartus II 64-Bit Version          ; 11.1 Build 259 01/25/2012 SP 2 SJ Full Version ;
; Revision Name                      ; 241Project2                                    ;
; Top-level Entity Name              ; toplevel                                       ;
; Family                             ; Cyclone II                                     ;
; Device                             ; EP2C35F672C6                                   ;
; Timing Models                      ; Final                                          ;
; Total logic elements               ; 3,630 / 33,216 ( 11 % )                        ;
;     Total combinational functions  ; 3,622 / 33,216 ( 11 % )                        ;
;     Dedicated logic registers      ; 581 / 33,216 ( 2 % )                           ;
; Total registers                    ; 581                                            ;
; Total pins                         ; 104 / 475 ( 22 % )                             ;
; Total virtual pins                 ; 0                                              ;
; Total memory bits                  ; 122,880 / 483,840 ( 25 % )                     ;
; Embedded Multiplier 9-bit elements ; 0 / 70 ( 0 % )                                 ;
; Total PLLs                         ; 1 / 4 ( 25 % )                                 ;
+------------------------------------+------------------------------------------------+


+-----------------------------------------+
; Flow Settings                           ;
+-------------------+---------------------+
; Option            ; Setting             ;
+-------------------+---------------------+
; Start date & time ; 11/22/2013 16:15:17 ;
; Main task         ; Compilation         ;
; Revision Name     ; 241Project2         ;
+-------------------+---------------------+


+------------------------------------------------------------------------------------------------------------------------+
; Flow Non-Default Global Settings                                                                                       ;
+-------------------------------------+---------------------------------------+---------------+-------------+------------+
; Assignment Name                     ; Value                                 ; Default Value ; Entity Name ; Section Id ;
+-------------------------------------+---------------------------------------+---------------+-------------+------------+
; COMPILER_SIGNATURE_ID               ; 156980625729.138515491303556          ; --            ; --          ; --         ;
; IP_TOOL_NAME                        ; ROM: 1-PORT                           ; --            ; --          ; --         ;
; IP_TOOL_NAME                        ; ROM: 1-PORT                           ; --            ; --          ; --         ;
; IP_TOOL_NAME                        ; ROM: 1-PORT                           ; --            ; --          ; --         ;
; IP_TOOL_NAME                        ; ROM: 1-PORT                           ; --            ; --          ; --         ;
; IP_TOOL_NAME                        ; ROM: 1-PORT                           ; --            ; --          ; --         ;
; IP_TOOL_NAME                        ; ROM: 1-PORT                           ; --            ; --          ; --         ;
; IP_TOOL_NAME                        ; ROM: 1-PORT                           ; --            ; --          ; --         ;
; IP_TOOL_VERSION                     ; 11.1                                  ; --            ; --          ; --         ;
; IP_TOOL_VERSION                     ; 11.1                                  ; --            ; --          ; --         ;
; IP_TOOL_VERSION                     ; 11.1                                  ; --            ; --          ; --         ;
; IP_TOOL_VERSION                     ; 11.1                                  ; --            ; --          ; --         ;
; IP_TOOL_VERSION                     ; 11.1                                  ; --            ; --          ; --         ;
; IP_TOOL_VERSION                     ; 11.1                                  ; --            ; --          ; --         ;
; IP_TOOL_VERSION                     ; 11.1                                  ; --            ; --          ; --         ;
; MAX_CORE_JUNCTION_TEMP              ; 85                                    ; --            ; --          ; --         ;
; MIN_CORE_JUNCTION_TEMP              ; 0                                     ; --            ; --          ; --         ;
; MISC_FILE                           ; closedpac_bb.v                        ; --            ; --          ; --         ;
; MISC_FILE                           ; pacmanleft_bb.v                       ; --            ; --          ; --         ;
; MISC_FILE                           ; pacmanupp_bb.v                        ; --            ; --          ; --         ;
; MISC_FILE                           ; pacmandownn_bb.v                      ; --            ; --          ; --         ;
; MISC_FILE                           ; ghostrom_bb.v                         ; --            ; --          ; --         ;
; MISC_FILE                           ; ghostromblue_bb.v                     ; --            ; --          ; --         ;
; MISC_FILE                           ; cherryrom_bb.v                        ; --            ; --          ; --         ;
; PARTITION_COLOR                     ; 16764057                              ; --            ; toplevel    ; Top        ;
; PARTITION_FITTER_PRESERVATION_LEVEL ; PLACEMENT_AND_ROUTING                 ; --            ; toplevel    ; Top        ;
; PARTITION_NETLIST_TYPE              ; SOURCE                                ; --            ; toplevel    ; Top        ;
; POWER_BOARD_THERMAL_MODEL           ; None (CONSERVATIVE)                   ; --            ; --          ; --         ;
; POWER_PRESET_COOLING_SOLUTION       ; 23 MM HEAT SINK WITH 200 LFPM AIRFLOW ; --            ; --          ; --         ;
; TOP_LEVEL_ENTITY                    ; toplevel                              ; 241Project2   ; --          ; --         ;
+-------------------------------------+---------------------------------------+---------------+-------------+------------+


+-------------------------------------------------------------------------------------------------------------------------------+
; Flow Elapsed Time                                                                                                             ;
+---------------------------+--------------+-------------------------+---------------------+------------------------------------+
; Module Name               ; Elapsed Time ; Average Processors Used ; Peak Virtual Memory ; Total CPU Time (on all processors) ;
+---------------------------+--------------+-------------------------+---------------------+------------------------------------+
; Analysis & Synthesis      ; 00:02:37     ; 1.0                     ; 446 MB              ; 00:02:03                           ;
; Fitter                    ; 00:00:31     ; 1.6                     ; 592 MB              ; 00:00:35                           ;
; Assembler                 ; 00:00:06     ; 1.0                     ; 425 MB              ; 00:00:04                           ;
; TimeQuest Timing Analyzer ; 00:00:25     ; 1.6                     ; 465 MB              ; 00:00:18                           ;
; Total                     ; 00:03:39     ; --                      ; --                  ; 00:03:00                           ;
+---------------------------+--------------+-------------------------+---------------------+------------------------------------+


+----------------------------------------------------------------------------------------+
; Flow OS Summary                                                                        ;
+---------------------------+------------------+-----------+------------+----------------+
; Module Name               ; Machine Hostname ; OS Name   ; OS Version ; Processor type ;
+---------------------------+------------------+-----------+------------+----------------+
; Analysis & Synthesis      ; SFB520WS06       ; Windows 7 ; 6.1        ; x86_64         ;
; Fitter                    ; SFB520WS06       ; Windows 7 ; 6.1        ; x86_64         ;
; Assembler                 ; SFB520WS06       ; Windows 7 ; 6.1        ; x86_64         ;
; TimeQuest Timing Analyzer ; SFB520WS06       ; Windows 7 ; 6.1        ; x86_64         ;
+---------------------------+------------------+-----------+------------+----------------+


------------
; Flow Log ;
------------
quartus_map --read_settings_files=on --write_settings_files=off 241Project2 -c 241Project2
quartus_fit --read_settings_files=off --write_settings_files=off 241Project2 -c 241Project2
quartus_asm --read_settings_files=off --write_settings_files=off 241Project2 -c 241Project2
quartus_sta 241Project2 -c 241Project2



